<?xml version="1.0" encoding="UTF-8"?>
<testng-results ignored="0" total="1" passed="1" failed="0" skipped="0">
  <reporter-output>
  </reporter-output>
  <suite started-at="2022-05-18T21:40:43 IST" name="Default suite" finished-at="2022-05-18T21:40:56 IST" duration-ms="13398">
    <groups>
    </groups>
    <test started-at="2022-05-18T21:40:43 IST" name="Default test" finished-at="2022-05-18T21:40:56 IST" duration-ms="13398">
      <class name="TestNGPrograms.TakeScreenshot">
        <test-method is-config="true" signature="openBrowser()[pri:0, instance:TestNGPrograms.TakeScreenshot@ffaa6af]" started-at="2022-05-18T21:40:43 IST" name="openBrowser" finished-at="2022-05-18T21:40:46 IST" duration-ms="3280" status="PASS">
          <reporter-output>
          </reporter-output>
        </test-method> <!-- openBrowser -->
        <test-method is-config="true" signature="LaunchURL()[pri:0, instance:TestNGPrograms.TakeScreenshot@ffaa6af]" started-at="2022-05-18T21:40:46 IST" name="LaunchURL" finished-at="2022-05-18T21:40:50 IST" duration-ms="4261" status="PASS">
          <reporter-output>
          </reporter-output>
        </test-method> <!-- LaunchURL -->
        <test-method signature="takeScreenshot()[pri:0, instance:TestNGPrograms.TakeScreenshot@ffaa6af]" started-at="2022-05-18T21:40:50 IST" name="takeScreenshot" finished-at="2022-05-18T21:40:52 IST" duration-ms="1623" status="PASS">
          <reporter-output>
          </reporter-output>
        </test-method> <!-- takeScreenshot -->
        <test-method is-config="true" signature="CloseUrl()[pri:0, instance:TestNGPrograms.TakeScreenshot@ffaa6af]" started-at="2022-05-18T21:40:52 IST" name="CloseUrl" finished-at="2022-05-18T21:40:56 IST" duration-ms="4180" status="PASS">
          <reporter-output>
          </reporter-output>
        </test-method> <!-- CloseUrl -->
      </class> <!-- TestNGPrograms.TakeScreenshot -->
    </test> <!-- Default test -->
  </suite> <!-- Default suite -->
</testng-results>
